# JRE version: OpenJDK Runtime Environment (8.0_322-b06) (build 1.8.0_322-b06)
# Java VM: OpenJDK 64-Bit Server VM (25.322-b06 mixed mode bsd-aarch64 compressed oops)
Heap:
 PSYoungGen      total 743936K, used 340291K [0x000000066ab00000, 0x000000069b900000, 0x00000007c0000000)
  eden space 719872K, 44% used [0x000000066ab00000,0x000000067e059160,0x0000000696a00000)
  from space 24064K, 97% used [0x000000069a180000,0x000000069b877b40,0x000000069b900000)
  to   space 40448K, 0% used [0x0000000696a00000,0x0000000696a00000,0x0000000699180000)
 ParOldGen       total 1875968K, used 63804K [0x00000003c0000000, 0x0000000432800000, 0x000000066ab00000)
  object space 1875968K, 3% used [0x00000003c0000000,0x00000003c3e4f370,0x0000000432800000)
 Metaspace       used 119775K, capacity 140554K, committed 169680K, reserved 1196032K
  class space    used 16754K, capacity 18624K, committed 23808K, reserved 1048576K
GC Heap History (10 events):
Event: 4,254 GC heap before
{Heap before GC invocations=11 (full 4):
 PSYoungGen      total 419840K, used 415329K [0x000000066ab00000, 0x0000000686600000, 0x00000007c0000000)
  eden space 392192K, 100% used [0x000000066ab00000,0x0000000682a00000,0x0000000682a00000)
  from space 27648K, 83% used [0x0000000684b00000,0x00000006861984a8,0x0000000686600000)
  to   space 30720K, 0% used [0x0000000682a00000,0x0000000682a00000,0x0000000684800000)
 ParOldGen       total 1674752K, used 25112K [0x00000003c0000000, 0x0000000426380000, 0x000000066ab00000)
  object space 1674752K, 1% used [0x00000003c0000000,0x00000003c1886048,0x0000000426380000)
 Metaspace       used 119078K, capacity 146964K, committed 147280K, reserved 1175552K
  class space    used 18297K, capacity 20273K, committed 20352K, reserved 1048576K
Event: 4,264 GC heap after
Heap after GC invocations=11 (full 4):
 PSYoungGen      total 422912K, used 19601K [0x000000066ab00000, 0x000000068da00000, 0x00000007c0000000)
  eden space 392192K, 0% used [0x000000066ab00000,0x000000066ab00000,0x0000000682a00000)
  from space 30720K, 63% used [0x0000000682a00000,0x0000000683d24630,0x0000000684800000)
  to   space 29696K, 0% used [0x000000068bd00000,0x000000068bd00000,0x000000068da00000)
 ParOldGen       total 1674752K, used 25120K [0x00000003c0000000, 0x0000000426380000, 0x000000066ab00000)
  object space 1674752K, 1% used [0x00000003c0000000,0x00000003c1888048,0x0000000426380000)
 Metaspace       used 119078K, capacity 146964K, committed 147280K, reserved 1175552K
  class space    used 18297K, capacity 20273K, committed 20352K, reserved 1048576K
}
Event: 4,494 GC heap before
{Heap before GC invocations=12 (full 4):
 PSYoungGen      total 422912K, used 411687K [0x000000066ab00000, 0x000000068da00000, 0x00000007c0000000)
  eden space 392192K, 99% used [0x000000066ab00000,0x00000006829e57a0,0x0000000682a00000)
  from space 30720K, 63% used [0x0000000682a00000,0x0000000683d24630,0x0000000684800000)
  to   space 29696K, 0% used [0x000000068bd00000,0x000000068bd00000,0x000000068da00000)
 ParOldGen       total 1674752K, used 25120K [0x00000003c0000000, 0x0000000426380000, 0x000000066ab00000)
  object space 1674752K, 1% used [0x00000003c0000000,0x00000003c1888048,0x0000000426380000)
 Metaspace       used 127222K, capacity 164044K, committed 164192K, reserved 1189888K
  class space    used 20151K, capacity 23259K, committed 23296K, reserved 1048576K
Event: 4,506 GC heap after
Heap after GC invocations=12 (full 4):
 PSYoungGen      total 532992K, used 29672K [0x000000066ab00000, 0x0000000691100000, 0x00000007c0000000)
  eden space 503296K, 0% used [0x000000066ab00000,0x000000066ab00000,0x0000000689680000)
  from space 29696K, 99% used [0x000000068bd00000,0x000000068d9fa328,0x000000068da00000)
  to   space 39424K, 0% used [0x0000000689680000,0x0000000689680000,0x000000068bd00000)
 ParOldGen       total 1674752K, used 39462K [0x00000003c0000000, 0x0000000426380000, 0x000000066ab00000)
  object space 1674752K, 2% used [0x00000003c0000000,0x00000003c2689bb0,0x0000000426380000)
 Metaspace       used 127222K, capacity 164044K, committed 164192K, reserved 1189888K
  class space    used 20151K, capacity 23259K, committed 23296K, reserved 1048576K
}
Event: 4,517 GC heap before
{Heap before GC invocations=13 (full 4):
 PSYoungGen      total 532992K, used 46206K [0x000000066ab00000, 0x0000000691100000, 0x00000007c0000000)
  eden space 503296K, 3% used [0x000000066ab00000,0x000000066bb25548,0x0000000689680000)
  from space 29696K, 99% used [0x000000068bd00000,0x000000068d9fa328,0x000000068da00000)
  to   space 39424K, 0% used [0x0000000689680000,0x0000000689680000,0x000000068bd00000)
 ParOldGen       total 1674752K, used 39462K [0x00000003c0000000, 0x0000000426380000, 0x000000066ab00000)
  object space 1674752K, 2% used [0x00000003c0000000,0x00000003c2689bb0,0x0000000426380000)
 Metaspace       used 127379K, capacity 164150K, committed 164192K, reserved 1189888K
  class space    used 20167K, capacity 23266K, committed 23296K, reserved 1048576K
Event: 4,524 GC heap after
Heap after GC invocations=13 (full 4):
 PSYoungGen      total 542720K, used 31940K [0x000000066ab00000, 0x000000069ca80000, 0x00000007c0000000)
  eden space 503296K, 0% used [0x000000066ab00000,0x000000066ab00000,0x0000000689680000)
  from space 39424K, 81% used [0x0000000689680000,0x000000068b5b13a0,0x000000068bd00000)
  to   space 41984K, 0% used [0x000000069a180000,0x000000069a180000,0x000000069ca80000)
 ParOldGen       total 1674752K, used 39462K [0x00000003c0000000, 0x0000000426380000, 0x000000066ab00000)
  object space 1674752K, 2% used [0x00000003c0000000,0x00000003c2689bb0,0x0000000426380000)
 Metaspace       used 127379K, capacity 164150K, committed 164192K, reserved 1189888K
  class space    used 20167K, capacity 23266K, committed 23296K, reserved 1048576K
}
Event: 4,524 GC heap before
{Heap before GC invocations=14 (full 5):
 PSYoungGen      total 542720K, used 31940K [0x000000066ab00000, 0x000000069ca80000, 0x00000007c0000000)
  eden space 503296K, 0% used [0x000000066ab00000,0x000000066ab00000,0x0000000689680000)
  from space 39424K, 81% used [0x0000000689680000,0x000000068b5b13a0,0x000000068bd00000)
  to   space 41984K, 0% used [0x000000069a180000,0x000000069a180000,0x000000069ca80000)
 ParOldGen       total 1674752K, used 39462K [0x00000003c0000000, 0x0000000426380000, 0x000000066ab00000)
  object space 1674752K, 2% used [0x00000003c0000000,0x00000003c2689bb0,0x0000000426380000)
 Metaspace       used 127379K, capacity 164150K, committed 164192K, reserved 1189888K
  class space    used 20167K, capacity 23266K, committed 23296K, reserved 1048576K
Event: 4,589 GC heap after
Heap after GC invocations=14 (full 5):
 PSYoungGen      total 542720K, used 0K [0x000000066ab00000, 0x000000069ca80000, 0x00000007c0000000)
  eden space 503296K, 0% used [0x000000066ab00000,0x000000066ab00000,0x0000000689680000)
  from space 39424K, 0% used [0x0000000689680000,0x0000000689680000,0x000000068bd00000)
  to   space 41984K, 0% used [0x000000069a180000,0x000000069a180000,0x000000069ca80000)
 ParOldGen       total 1875968K, used 63796K [0x00000003c0000000, 0x0000000432800000, 0x000000066ab00000)
  object space 1875968K, 3% used [0x00000003c0000000,0x00000003c3e4d370,0x0000000432800000)
 Metaspace       used 108020K, capacity 120672K, committed 164192K, reserved 1189888K
  class space    used 14285K, capacity 15330K, committed 23296K, reserved 1048576K
}
Event: 4,990 GC heap before
{Heap before GC invocations=15 (full 5):
 PSYoungGen      total 542720K, used 503171K [0x000000066ab00000, 0x000000069ca80000, 0x00000007c0000000)
  eden space 503296K, 99% used [0x000000066ab00000,0x0000000689660eb8,0x0000000689680000)
  from space 39424K, 0% used [0x0000000689680000,0x0000000689680000,0x000000068bd00000)
  to   space 41984K, 0% used [0x000000069a180000,0x000000069a180000,0x000000069ca80000)
 ParOldGen       total 1875968K, used 63796K [0x00000003c0000000, 0x0000000432800000, 0x000000066ab00000)
  object space 1875968K, 3% used [0x00000003c0000000,0x00000003c3e4d370,0x0000000432800000)
 Metaspace       used 116937K, capacity 135700K, committed 168272K, reserved 1193984K
  class space    used 16193K, capacity 17822K, committed 23680K, reserved 1048576K
Event: 4,997 GC heap after
Heap after GC invocations=15 (full 5):
 PSYoungGen      total 743936K, used 23518K [0x000000066ab00000, 0x000000069b900000, 0x00000007c0000000)
  eden space 719872K, 0% used [0x000000066ab00000,0x000000066ab00000,0x0000000696a00000)
  from space 24064K, 97% used [0x000000069a180000,0x000000069b877b40,0x000000069b900000)
  to   space 40448K, 0% used [0x0000000696a00000,0x0000000696a00000,0x0000000699180000)
 ParOldGen       total 1875968K, used 63804K [0x00000003c0000000, 0x0000000432800000, 0x000000066ab00000)
  object space 1875968K, 3% used [0x00000003c0000000,0x00000003c3e4f370,0x0000000432800000)
 Metaspace       used 116937K, capacity 135700K, committed 168272K, reserved 1193984K
  class space    used 16193K, capacity 17822K, committed 23680K, reserved 1048576K
}

